<?xml version="1.0" encoding="UTF-8"?>
<testsuite xmlns:xsi="http://www.w3.org/2001/XMLSchema-instance" xsi:noNamespaceSchemaLocation="https://maven.apache.org/surefire/maven-surefire-plugin/xsd/surefire-test-report.xsd" name="com.sigit.runners.RunCukesTest" time="207.065" tests="0" errors="0" skipped="0" failures="0">
  <properties>
    <property name="gopherProxySet" value="false"/>
    <property name="awt.toolkit" value="sun.lwawt.macosx.LWCToolkit"/>
    <property name="java.specification.version" value="11"/>
    <property name="sun.cpu.isalist" value=""/>
    <property name="sun.jnu.encoding" value="UTF-8"/>
    <property name="java.class.path" value="/Users/sigit.apri/Documents/all repo/Apps Repo/cucumber-apps-webDriverIO/target/test-classes:/Users/sigit.apri/Documents/all repo/Apps Repo/cucumber-apps-webDriverIO/target/classes:/Users/sigit.apri/.m2/repository/io/cucumber/cucumber-java/7.0.0/cucumber-java-7.0.0.jar:/Users/sigit.apri/.m2/repository/io/cucumber/cucumber-core/7.0.0/cucumber-core-7.0.0.jar:/Users/sigit.apri/.m2/repository/io/cucumber/cucumber-gherkin/7.0.0/cucumber-gherkin-7.0.0.jar:/Users/sigit.apri/.m2/repository/io/cucumber/cucumber-gherkin-messages/7.0.0/cucumber-gherkin-messages-7.0.0.jar:/Users/sigit.apri/.m2/repository/io/cucumber/messages/17.1.1/messages-17.1.1.jar:/Users/sigit.apri/.m2/repository/io/cucumber/tag-expressions/4.0.2/tag-expressions-4.0.2.jar:/Users/sigit.apri/.m2/repository/io/cucumber/cucumber-expressions/13.0.1/cucumber-expressions-13.0.1.jar:/Users/sigit.apri/.m2/repository/io/cucumber/datatable/7.0.0/datatable-7.0.0.jar:/Users/sigit.apri/.m2/repository/io/cucumber/cucumber-plugin/7.0.0/cucumber-plugin-7.0.0.jar:/Users/sigit.apri/.m2/repository/io/cucumber/docstring/7.0.0/docstring-7.0.0.jar:/Users/sigit.apri/.m2/repository/io/cucumber/html-formatter/17.0.0/html-formatter-17.0.0.jar:/Users/sigit.apri/.m2/repository/io/cucumber/create-meta/6.0.1/create-meta-6.0.1.jar:/Users/sigit.apri/.m2/repository/org/apiguardian/apiguardian-api/1.1.2/apiguardian-api-1.1.2.jar:/Users/sigit.apri/.m2/repository/com/github/javafaker/javafaker/0.12/javafaker-0.12.jar:/Users/sigit.apri/.m2/repository/org/apache/commons/commons-lang3/3.5/commons-lang3-3.5.jar:/Users/sigit.apri/.m2/repository/com/github/mifmif/generex/1.0.2/generex-1.0.2.jar:/Users/sigit.apri/.m2/repository/dk/brics/automaton/automaton/1.11-8/automaton-1.11-8.jar:/Users/sigit.apri/.m2/repository/io/cucumber/cucumber-junit/7.0.0/cucumber-junit-7.0.0.jar:/Users/sigit.apri/.m2/repository/junit/junit/4.13.2/junit-4.13.2.jar:/Users/sigit.apri/.m2/repository/org/hamcrest/hamcrest-core/1.3/hamcrest-core-1.3.jar:/Users/sigit.apri/.m2/repository/io/appium/java-client/7.6.0/java-client-7.6.0.jar:/Users/sigit.apri/.m2/repository/org/seleniumhq/selenium/selenium-support/3.141.59/selenium-support-3.141.59.jar:/Users/sigit.apri/.m2/repository/org/seleniumhq/selenium/selenium-api/3.141.59/selenium-api-3.141.59.jar:/Users/sigit.apri/.m2/repository/org/apache/httpcomponents/httpclient/4.5.13/httpclient-4.5.13.jar:/Users/sigit.apri/.m2/repository/org/apache/httpcomponents/httpcore/4.4.13/httpcore-4.4.13.jar:/Users/sigit.apri/.m2/repository/commons-logging/commons-logging/1.2/commons-logging-1.2.jar:/Users/sigit.apri/.m2/repository/cglib/cglib/3.3.0/cglib-3.3.0.jar:/Users/sigit.apri/.m2/repository/org/ow2/asm/asm/7.1/asm-7.1.jar:/Users/sigit.apri/.m2/repository/commons-validator/commons-validator/1.7/commons-validator-1.7.jar:/Users/sigit.apri/.m2/repository/commons-beanutils/commons-beanutils/1.9.4/commons-beanutils-1.9.4.jar:/Users/sigit.apri/.m2/repository/commons-digester/commons-digester/2.1/commons-digester-2.1.jar:/Users/sigit.apri/.m2/repository/commons-collections/commons-collections/3.2.2/commons-collections-3.2.2.jar:/Users/sigit.apri/.m2/repository/commons-io/commons-io/2.11.0/commons-io-2.11.0.jar:/Users/sigit.apri/.m2/repository/org/springframework/spring-context/5.3.10/spring-context-5.3.10.jar:/Users/sigit.apri/.m2/repository/org/springframework/spring-aop/5.3.10/spring-aop-5.3.10.jar:/Users/sigit.apri/.m2/repository/org/springframework/spring-beans/5.3.10/spring-beans-5.3.10.jar:/Users/sigit.apri/.m2/repository/org/springframework/spring-core/5.3.10/spring-core-5.3.10.jar:/Users/sigit.apri/.m2/repository/org/springframework/spring-jcl/5.3.10/spring-jcl-5.3.10.jar:/Users/sigit.apri/.m2/repository/org/springframework/spring-expression/5.3.10/spring-expression-5.3.10.jar:/Users/sigit.apri/.m2/repository/org/aspectj/aspectjweaver/1.9.7/aspectjweaver-1.9.7.jar:/Users/sigit.apri/.m2/repository/org/slf4j/slf4j-api/1.7.32/slf4j-api-1.7.32.jar:/Users/sigit.apri/.m2/repository/org/json/json/20210307/json-20210307.jar:/Users/sigit.apri/.m2/repository/org/testng/testng/7.0.0/testng-7.0.0.jar:/Users/sigit.apri/.m2/repository/com/beust/jcommander/1.72/jcommander-1.72.jar:/Users/sigit.apri/.m2/repository/org/apache/logging/log4j/log4j-core/2.14.1/log4j-core-2.14.1.jar:/Users/sigit.apri/.m2/repository/org/apache/logging/log4j/log4j-api/2.14.1/log4j-api-2.14.1.jar:/Users/sigit.apri/.m2/repository/me/jvt/cucumber/reporting-plugin/7.0.0/reporting-plugin-7.0.0.jar:/Users/sigit.apri/.m2/repository/io/cucumber/gherkin/22.0.0/gherkin-22.0.0.jar:/Users/sigit.apri/.m2/repository/net/masterthought/cucumber-reporting/5.6.0/cucumber-reporting-5.6.0.jar:/Users/sigit.apri/.m2/repository/com/fasterxml/jackson/core/jackson-databind/2.12.1/jackson-databind-2.12.1.jar:/Users/sigit.apri/.m2/repository/com/fasterxml/jackson/core/jackson-annotations/2.12.1/jackson-annotations-2.12.1.jar:/Users/sigit.apri/.m2/repository/com/fasterxml/jackson/core/jackson-core/2.12.1/jackson-core-2.12.1.jar:/Users/sigit.apri/.m2/repository/com/fasterxml/jackson/datatype/jackson-datatype-jsr310/2.12.1/jackson-datatype-jsr310-2.12.1.jar:/Users/sigit.apri/.m2/repository/org/apache/velocity/velocity-engine-core/2.3/velocity-engine-core-2.3.jar:/Users/sigit.apri/.m2/repository/joda-time/joda-time/2.10.10/joda-time-2.10.10.jar:/Users/sigit.apri/.m2/repository/org/codehaus/plexus/plexus-utils/3.3.0/plexus-utils-3.3.0.jar:/Users/sigit.apri/.m2/repository/org/jsoup/jsoup/1.14.2/jsoup-1.14.2.jar:/Users/sigit.apri/.m2/repository/com/googlecode/owasp-java-html-sanitizer/owasp-java-html-sanitizer/20200713.1/owasp-java-html-sanitizer-20200713.1.jar:/Users/sigit.apri/.m2/repository/commons-configuration/commons-configuration/1.10/commons-configuration-1.10.jar:/Users/sigit.apri/.m2/repository/commons-lang/commons-lang/2.6/commons-lang-2.6.jar:/Users/sigit.apri/.m2/repository/commons-codec/commons-codec/1.15/commons-codec-1.15.jar:/Users/sigit.apri/.m2/repository/org/seleniumhq/selenium/selenium-java/3.141.59/selenium-java-3.141.59.jar:/Users/sigit.apri/.m2/repository/org/seleniumhq/selenium/selenium-chrome-driver/3.141.59/selenium-chrome-driver-3.141.59.jar:/Users/sigit.apri/.m2/repository/org/seleniumhq/selenium/selenium-edge-driver/3.141.59/selenium-edge-driver-3.141.59.jar:/Users/sigit.apri/.m2/repository/org/seleniumhq/selenium/selenium-firefox-driver/3.141.59/selenium-firefox-driver-3.141.59.jar:/Users/sigit.apri/.m2/repository/org/seleniumhq/selenium/selenium-ie-driver/3.141.59/selenium-ie-driver-3.141.59.jar:/Users/sigit.apri/.m2/repository/org/seleniumhq/selenium/selenium-opera-driver/3.141.59/selenium-opera-driver-3.141.59.jar:/Users/sigit.apri/.m2/repository/org/seleniumhq/selenium/selenium-remote-driver/3.141.59/selenium-remote-driver-3.141.59.jar:/Users/sigit.apri/.m2/repository/org/seleniumhq/selenium/selenium-safari-driver/3.141.59/selenium-safari-driver-3.141.59.jar:/Users/sigit.apri/.m2/repository/net/bytebuddy/byte-buddy/1.8.15/byte-buddy-1.8.15.jar:/Users/sigit.apri/.m2/repository/org/apache/commons/commons-exec/1.3/commons-exec-1.3.jar:/Users/sigit.apri/.m2/repository/com/google/guava/guava/25.0-jre/guava-25.0-jre.jar:/Users/sigit.apri/.m2/repository/com/google/code/findbugs/jsr305/1.3.9/jsr305-1.3.9.jar:/Users/sigit.apri/.m2/repository/org/checkerframework/checker-compat-qual/2.0.0/checker-compat-qual-2.0.0.jar:/Users/sigit.apri/.m2/repository/com/google/errorprone/error_prone_annotations/2.1.3/error_prone_annotations-2.1.3.jar:/Users/sigit.apri/.m2/repository/com/google/j2objc/j2objc-annotations/1.1/j2objc-annotations-1.1.jar:/Users/sigit.apri/.m2/repository/org/codehaus/mojo/animal-sniffer-annotations/1.14/animal-sniffer-annotations-1.14.jar:/Users/sigit.apri/.m2/repository/com/squareup/okhttp3/okhttp/3.11.0/okhttp-3.11.0.jar:/Users/sigit.apri/.m2/repository/com/squareup/okio/okio/1.14.0/okio-1.14.0.jar:/Users/sigit.apri/.m2/repository/org/apache/poi/poi-ooxml/3.17/poi-ooxml-3.17.jar:/Users/sigit.apri/.m2/repository/org/apache/poi/poi/3.17/poi-3.17.jar:/Users/sigit.apri/.m2/repository/org/apache/commons/commons-collections4/4.1/commons-collections4-4.1.jar:/Users/sigit.apri/.m2/repository/org/apache/poi/poi-ooxml-schemas/3.17/poi-ooxml-schemas-3.17.jar:/Users/sigit.apri/.m2/repository/org/apache/xmlbeans/xmlbeans/2.6.0/xmlbeans-2.6.0.jar:/Users/sigit.apri/.m2/repository/stax/stax-api/1.0.1/stax-api-1.0.1.jar:/Users/sigit.apri/.m2/repository/com/github/virtuald/curvesapi/1.04/curvesapi-1.04.jar:/Users/sigit.apri/.m2/repository/com/google/code/gson/gson/2.9.0/gson-2.9.0.jar:/Users/sigit.apri/.m2/repository/org/apache/maven/surefire/surefire-testng-utils/2.22.0/surefire-testng-utils-2.22.0.jar:/Users/sigit.apri/.m2/repository/org/apache/maven/surefire/surefire-grouper/2.22.0/surefire-grouper-2.22.0.jar:"/>
    <property name="java.vm.vendor" value="Oracle Corporation"/>
    <property name="sun.arch.data.model" value="64"/>
    <property name="java.vendor.url" value="https://openjdk.java.net/"/>
    <property name="user.timezone" value=""/>
    <property name="java.vm.specification.version" value="11"/>
    <property name="os.name" value="Mac OS X"/>
    <property name="sun.java.launcher" value="SUN_STANDARD"/>
    <property name="user.country" value="ID"/>
    <property name="sun.boot.library.path" value="/Library/Java/JavaVirtualMachines/jdk-11.jdk/Contents/Home/lib"/>
    <property name="sun.java.command" value="/Users/sigit.apri/Documents/all repo/Apps Repo/cucumber-apps-webDriverIO/target/surefire/surefirebooter18028813837964628942.jar /Users/sigit.apri/Documents/all repo/Apps Repo/cucumber-apps-webDriverIO/target/surefire 2025-02-21T19-01-42_662-jvmRun1 surefire5355088097040875756tmp surefire_04472777015531269603tmp"/>
    <property name="http.nonProxyHosts" value="local|*.local|169.254/16|*.169.254/16"/>
    <property name="jdk.debug" value="release"/>
    <property name="surefire.test.class.path" value="/Users/sigit.apri/Documents/all repo/Apps Repo/cucumber-apps-webDriverIO/target/test-classes:/Users/sigit.apri/Documents/all repo/Apps Repo/cucumber-apps-webDriverIO/target/classes:/Users/sigit.apri/.m2/repository/io/cucumber/cucumber-java/7.0.0/cucumber-java-7.0.0.jar:/Users/sigit.apri/.m2/repository/io/cucumber/cucumber-core/7.0.0/cucumber-core-7.0.0.jar:/Users/sigit.apri/.m2/repository/io/cucumber/cucumber-gherkin/7.0.0/cucumber-gherkin-7.0.0.jar:/Users/sigit.apri/.m2/repository/io/cucumber/cucumber-gherkin-messages/7.0.0/cucumber-gherkin-messages-7.0.0.jar:/Users/sigit.apri/.m2/repository/io/cucumber/messages/17.1.1/messages-17.1.1.jar:/Users/sigit.apri/.m2/repository/io/cucumber/tag-expressions/4.0.2/tag-expressions-4.0.2.jar:/Users/sigit.apri/.m2/repository/io/cucumber/cucumber-expressions/13.0.1/cucumber-expressions-13.0.1.jar:/Users/sigit.apri/.m2/repository/io/cucumber/datatable/7.0.0/datatable-7.0.0.jar:/Users/sigit.apri/.m2/repository/io/cucumber/cucumber-plugin/7.0.0/cucumber-plugin-7.0.0.jar:/Users/sigit.apri/.m2/repository/io/cucumber/docstring/7.0.0/docstring-7.0.0.jar:/Users/sigit.apri/.m2/repository/io/cucumber/html-formatter/17.0.0/html-formatter-17.0.0.jar:/Users/sigit.apri/.m2/repository/io/cucumber/create-meta/6.0.1/create-meta-6.0.1.jar:/Users/sigit.apri/.m2/repository/org/apiguardian/apiguardian-api/1.1.2/apiguardian-api-1.1.2.jar:/Users/sigit.apri/.m2/repository/com/github/javafaker/javafaker/0.12/javafaker-0.12.jar:/Users/sigit.apri/.m2/repository/org/apache/commons/commons-lang3/3.5/commons-lang3-3.5.jar:/Users/sigit.apri/.m2/repository/com/github/mifmif/generex/1.0.2/generex-1.0.2.jar:/Users/sigit.apri/.m2/repository/dk/brics/automaton/automaton/1.11-8/automaton-1.11-8.jar:/Users/sigit.apri/.m2/repository/io/cucumber/cucumber-junit/7.0.0/cucumber-junit-7.0.0.jar:/Users/sigit.apri/.m2/repository/junit/junit/4.13.2/junit-4.13.2.jar:/Users/sigit.apri/.m2/repository/org/hamcrest/hamcrest-core/1.3/hamcrest-core-1.3.jar:/Users/sigit.apri/.m2/repository/io/appium/java-client/7.6.0/java-client-7.6.0.jar:/Users/sigit.apri/.m2/repository/org/seleniumhq/selenium/selenium-support/3.141.59/selenium-support-3.141.59.jar:/Users/sigit.apri/.m2/repository/org/seleniumhq/selenium/selenium-api/3.141.59/selenium-api-3.141.59.jar:/Users/sigit.apri/.m2/repository/org/apache/httpcomponents/httpclient/4.5.13/httpclient-4.5.13.jar:/Users/sigit.apri/.m2/repository/org/apache/httpcomponents/httpcore/4.4.13/httpcore-4.4.13.jar:/Users/sigit.apri/.m2/repository/commons-logging/commons-logging/1.2/commons-logging-1.2.jar:/Users/sigit.apri/.m2/repository/cglib/cglib/3.3.0/cglib-3.3.0.jar:/Users/sigit.apri/.m2/repository/org/ow2/asm/asm/7.1/asm-7.1.jar:/Users/sigit.apri/.m2/repository/commons-validator/commons-validator/1.7/commons-validator-1.7.jar:/Users/sigit.apri/.m2/repository/commons-beanutils/commons-beanutils/1.9.4/commons-beanutils-1.9.4.jar:/Users/sigit.apri/.m2/repository/commons-digester/commons-digester/2.1/commons-digester-2.1.jar:/Users/sigit.apri/.m2/repository/commons-collections/commons-collections/3.2.2/commons-collections-3.2.2.jar:/Users/sigit.apri/.m2/repository/commons-io/commons-io/2.11.0/commons-io-2.11.0.jar:/Users/sigit.apri/.m2/repository/org/springframework/spring-context/5.3.10/spring-context-5.3.10.jar:/Users/sigit.apri/.m2/repository/org/springframework/spring-aop/5.3.10/spring-aop-5.3.10.jar:/Users/sigit.apri/.m2/repository/org/springframework/spring-beans/5.3.10/spring-beans-5.3.10.jar:/Users/sigit.apri/.m2/repository/org/springframework/spring-core/5.3.10/spring-core-5.3.10.jar:/Users/sigit.apri/.m2/repository/org/springframework/spring-jcl/5.3.10/spring-jcl-5.3.10.jar:/Users/sigit.apri/.m2/repository/org/springframework/spring-expression/5.3.10/spring-expression-5.3.10.jar:/Users/sigit.apri/.m2/repository/org/aspectj/aspectjweaver/1.9.7/aspectjweaver-1.9.7.jar:/Users/sigit.apri/.m2/repository/org/slf4j/slf4j-api/1.7.32/slf4j-api-1.7.32.jar:/Users/sigit.apri/.m2/repository/org/json/json/20210307/json-20210307.jar:/Users/sigit.apri/.m2/repository/org/testng/testng/7.0.0/testng-7.0.0.jar:/Users/sigit.apri/.m2/repository/com/beust/jcommander/1.72/jcommander-1.72.jar:/Users/sigit.apri/.m2/repository/org/apache/logging/log4j/log4j-core/2.14.1/log4j-core-2.14.1.jar:/Users/sigit.apri/.m2/repository/org/apache/logging/log4j/log4j-api/2.14.1/log4j-api-2.14.1.jar:/Users/sigit.apri/.m2/repository/me/jvt/cucumber/reporting-plugin/7.0.0/reporting-plugin-7.0.0.jar:/Users/sigit.apri/.m2/repository/io/cucumber/gherkin/22.0.0/gherkin-22.0.0.jar:/Users/sigit.apri/.m2/repository/net/masterthought/cucumber-reporting/5.6.0/cucumber-reporting-5.6.0.jar:/Users/sigit.apri/.m2/repository/com/fasterxml/jackson/core/jackson-databind/2.12.1/jackson-databind-2.12.1.jar:/Users/sigit.apri/.m2/repository/com/fasterxml/jackson/core/jackson-annotations/2.12.1/jackson-annotations-2.12.1.jar:/Users/sigit.apri/.m2/repository/com/fasterxml/jackson/core/jackson-core/2.12.1/jackson-core-2.12.1.jar:/Users/sigit.apri/.m2/repository/com/fasterxml/jackson/datatype/jackson-datatype-jsr310/2.12.1/jackson-datatype-jsr310-2.12.1.jar:/Users/sigit.apri/.m2/repository/org/apache/velocity/velocity-engine-core/2.3/velocity-engine-core-2.3.jar:/Users/sigit.apri/.m2/repository/joda-time/joda-time/2.10.10/joda-time-2.10.10.jar:/Users/sigit.apri/.m2/repository/org/codehaus/plexus/plexus-utils/3.3.0/plexus-utils-3.3.0.jar:/Users/sigit.apri/.m2/repository/org/jsoup/jsoup/1.14.2/jsoup-1.14.2.jar:/Users/sigit.apri/.m2/repository/com/googlecode/owasp-java-html-sanitizer/owasp-java-html-sanitizer/20200713.1/owasp-java-html-sanitizer-20200713.1.jar:/Users/sigit.apri/.m2/repository/commons-configuration/commons-configuration/1.10/commons-configuration-1.10.jar:/Users/sigit.apri/.m2/repository/commons-lang/commons-lang/2.6/commons-lang-2.6.jar:/Users/sigit.apri/.m2/repository/commons-codec/commons-codec/1.15/commons-codec-1.15.jar:/Users/sigit.apri/.m2/repository/org/seleniumhq/selenium/selenium-java/3.141.59/selenium-java-3.141.59.jar:/Users/sigit.apri/.m2/repository/org/seleniumhq/selenium/selenium-chrome-driver/3.141.59/selenium-chrome-driver-3.141.59.jar:/Users/sigit.apri/.m2/repository/org/seleniumhq/selenium/selenium-edge-driver/3.141.59/selenium-edge-driver-3.141.59.jar:/Users/sigit.apri/.m2/repository/org/seleniumhq/selenium/selenium-firefox-driver/3.141.59/selenium-firefox-driver-3.141.59.jar:/Users/sigit.apri/.m2/repository/org/seleniumhq/selenium/selenium-ie-driver/3.141.59/selenium-ie-driver-3.141.59.jar:/Users/sigit.apri/.m2/repository/org/seleniumhq/selenium/selenium-opera-driver/3.141.59/selenium-opera-driver-3.141.59.jar:/Users/sigit.apri/.m2/repository/org/seleniumhq/selenium/selenium-remote-driver/3.141.59/selenium-remote-driver-3.141.59.jar:/Users/sigit.apri/.m2/repository/org/seleniumhq/selenium/selenium-safari-driver/3.141.59/selenium-safari-driver-3.141.59.jar:/Users/sigit.apri/.m2/repository/net/bytebuddy/byte-buddy/1.8.15/byte-buddy-1.8.15.jar:/Users/sigit.apri/.m2/repository/org/apache/commons/commons-exec/1.3/commons-exec-1.3.jar:/Users/sigit.apri/.m2/repository/com/google/guava/guava/25.0-jre/guava-25.0-jre.jar:/Users/sigit.apri/.m2/repository/com/google/code/findbugs/jsr305/1.3.9/jsr305-1.3.9.jar:/Users/sigit.apri/.m2/repository/org/checkerframework/checker-compat-qual/2.0.0/checker-compat-qual-2.0.0.jar:/Users/sigit.apri/.m2/repository/com/google/errorprone/error_prone_annotations/2.1.3/error_prone_annotations-2.1.3.jar:/Users/sigit.apri/.m2/repository/com/google/j2objc/j2objc-annotations/1.1/j2objc-annotations-1.1.jar:/Users/sigit.apri/.m2/repository/org/codehaus/mojo/animal-sniffer-annotations/1.14/animal-sniffer-annotations-1.14.jar:/Users/sigit.apri/.m2/repository/com/squareup/okhttp3/okhttp/3.11.0/okhttp-3.11.0.jar:/Users/sigit.apri/.m2/repository/com/squareup/okio/okio/1.14.0/okio-1.14.0.jar:/Users/sigit.apri/.m2/repository/org/apache/poi/poi-ooxml/3.17/poi-ooxml-3.17.jar:/Users/sigit.apri/.m2/repository/org/apache/poi/poi/3.17/poi-3.17.jar:/Users/sigit.apri/.m2/repository/org/apache/commons/commons-collections4/4.1/commons-collections4-4.1.jar:/Users/sigit.apri/.m2/repository/org/apache/poi/poi-ooxml-schemas/3.17/poi-ooxml-schemas-3.17.jar:/Users/sigit.apri/.m2/repository/org/apache/xmlbeans/xmlbeans/2.6.0/xmlbeans-2.6.0.jar:/Users/sigit.apri/.m2/repository/stax/stax-api/1.0.1/stax-api-1.0.1.jar:/Users/sigit.apri/.m2/repository/com/github/virtuald/curvesapi/1.04/curvesapi-1.04.jar:/Users/sigit.apri/.m2/repository/com/google/code/gson/gson/2.9.0/gson-2.9.0.jar:/Users/sigit.apri/.m2/repository/org/apache/maven/surefire/surefire-testng-utils/2.22.0/surefire-testng-utils-2.22.0.jar:/Users/sigit.apri/.m2/repository/org/apache/maven/surefire/surefire-grouper/2.22.0/surefire-grouper-2.22.0.jar:"/>
    <property name="sun.cpu.endian" value="little"/>
    <property name="user.home" value="/Users/sigit.apri"/>
    <property name="user.language" value="en"/>
    <property name="java.specification.vendor" value="Oracle Corporation"/>
    <property name="java.version.date" value="2023-01-17"/>
    <property name="java.home" value="/Library/Java/JavaVirtualMachines/jdk-11.jdk/Contents/Home"/>
    <property name="file.separator" value="/"/>
    <property name="basedir" value="/Users/sigit.apri/Documents/all repo/Apps Repo/cucumber-apps-webDriverIO"/>
    <property name="java.vm.compressedOopsMode" value="Zero based"/>
    <property name="line.separator" value="&#10;"/>
    <property name="java.specification.name" value="Java Platform API Specification"/>
    <property name="java.vm.specification.vendor" value="Oracle Corporation"/>
    <property name="java.awt.graphicsenv" value="sun.awt.CGraphicsEnvironment"/>
    <property name="surefire.real.class.path" value="/Users/sigit.apri/Documents/all repo/Apps Repo/cucumber-apps-webDriverIO/target/surefire/surefirebooter18028813837964628942.jar"/>
    <property name="sun.management.compiler" value="HotSpot 64-Bit Tiered Compilers"/>
    <property name="ftp.nonProxyHosts" value="local|*.local|169.254/16|*.169.254/16"/>
    <property name="java.runtime.version" value="11.0.18+9-LTS-195"/>
    <property name="user.name" value="sigit.apri"/>
    <property name="path.separator" value=":"/>
    <property name="os.version" value="12.2.1"/>
    <property name="java.runtime.name" value="Java(TM) SE Runtime Environment"/>
    <property name="file.encoding" value="UTF-8"/>
    <property name="java.vm.name" value="Java HotSpot(TM) 64-Bit Server VM"/>
    <property name="java.vendor.version" value="18.9"/>
    <property name="localRepository" value="/Users/sigit.apri/.m2/repository"/>
    <property name="java.vendor.url.bug" value="https://bugreport.java.com/bugreport/"/>
    <property name="java.io.tmpdir" value="/var/folders/p9/xnc1xq3x0qd_gb5kkc75vwpm0000gp/T/"/>
    <property name="java.version" value="11.0.18"/>
    <property name="user.dir" value="/Users/sigit.apri/Documents/all repo/Apps Repo/cucumber-apps-webDriverIO"/>
    <property name="os.arch" value="aarch64"/>
    <property name="java.vm.specification.name" value="Java Virtual Machine Specification"/>
    <property name="java.awt.printerjob" value="sun.lwawt.macosx.CPrinterJob"/>
    <property name="sun.os.patch.level" value="unknown"/>
    <property name="java.library.path" value="/Users/sigit.apri/Library/Java/Extensions:/Library/Java/Extensions:/Network/Library/Java/Extensions:/System/Library/Java/Extensions:/usr/lib/java:."/>
    <property name="java.vendor" value="Oracle Corporation"/>
    <property name="java.vm.info" value="mixed mode"/>
    <property name="java.vm.version" value="11.0.18+9-LTS-195"/>
    <property name="sun.io.unicode.encoding" value="UnicodeBig"/>
    <property name="java.class.version" value="55.0"/>
    <property name="socksNonProxyHosts" value="local|*.local|169.254/16|*.169.254/16"/>
  </properties>
</testsuite>